2026-03-08 16:13:24 - ============================================================
2026-03-08 16:13:24 - Experiment Configuration
2026-03-08 16:13:24 - ============================================================
2026-03-08 16:13:24 - LaMP Number: 4
2026-03-08 16:13:24 - Generator: flanT5Small
2026-03-08 16:13:24 - Retriever: gold
2026-03-08 16:13:24 - Alpha: 8
2026-03-08 16:13:24 - K (top-k): 5
2026-03-08 16:13:24 - N Samples: 8
2026-03-08 16:13:24 - Max Queries: 30
2026-03-08 16:13:24 - Query Batch Size: 10
2026-03-08 16:13:27 - Metric: rouge-l
2026-03-08 16:13:27 - ============================================================

2026-03-08 16:13:27 - Limiting to 30 queries (original dataset had 833 queries)
2026-03-08 16:15:49 - Progress: 10/30 queries completed
2026-03-08 16:18:18 - Progress: 20/30 queries completed
2026-03-08 16:20:35 - Progress: 30/30 queries completed
2026-03-08 16:20:52 - 
Experiment Results Summary
2026-03-08 16:20:52 - ============================================================
2026-03-08 16:20:52 - Total queries processed: 30
2026-03-08 16:20:52 - EE-D (Disparity) - Mean: 0.475833, Std: 0.182401
2026-03-08 16:20:52 - EE-R (Relevance) - Mean: 0.994427, Std: 0.013011
2026-03-08 16:20:52 - Expected Utility - Mean: 0.061210, Std: 0.031916
2026-03-08 16:20:52 - ============================================================
2026-03-08 16:20:52 - Results saved to: /home/student/Fair-RAG/experiment_results/flanT5Small/lamp4/gold/alpha_8.json
2026-03-08 16:20:52 - Tracked log saved to: /home/student/Fair-RAG/logs/flanT5Small/lamp4/gold/alpha_8_2026-03-08_15-49-29.log (committed to git)
2026-03-08 16:20:52 - Experiment completed successfully at 2026-03-08 16:20:52
