2026-03-08 17:22:16 - ============================================================
2026-03-08 17:22:16 - Experiment Configuration
2026-03-08 17:22:16 - ============================================================
2026-03-08 17:22:16 - LaMP Number: 4
2026-03-08 17:22:16 - Generator: flanT5Small
2026-03-08 17:22:16 - Retriever: gold
2026-03-08 17:22:16 - Alpha: 8
2026-03-08 17:22:16 - K (top-k): 5
2026-03-08 17:22:16 - N Samples: 8
2026-03-08 17:22:16 - Max Queries: 60
2026-03-08 17:22:16 - Query Batch Size: 10
2026-03-08 17:22:18 - Metric: rouge-l
2026-03-08 17:22:18 - ============================================================

2026-03-08 17:22:18 - Limiting to 60 queries (original dataset had 833 queries)
2026-03-08 17:24:35 - Progress: 10/60 queries completed
2026-03-08 17:27:02 - Progress: 20/60 queries completed
2026-03-08 17:29:20 - Progress: 30/60 queries completed
2026-03-08 17:31:25 - Progress: 40/60 queries completed
2026-03-08 17:33:44 - Progress: 50/60 queries completed
2026-03-08 17:35:24 - Progress: 60/60 queries completed
2026-03-08 17:35:37 - 
Experiment Results Summary
2026-03-08 17:35:37 - ============================================================
2026-03-08 17:35:37 - Total queries processed: 60
2026-03-08 17:35:37 - EE-D (Disparity) - Mean: 2.065104, Std: 1.062535
2026-03-08 17:35:37 - EE-R (Relevance) - Mean: 1.607661, Std: 1.184714
2026-03-08 17:35:37 - Expected Utility - Mean: 0.068552, Std: 0.043598
2026-03-08 17:35:37 - ============================================================
2026-03-08 17:35:37 - Results saved to: /home/student/Fair-RAG/experiment_results/flanT5Small/lamp4/gold/alpha_8.json
2026-03-08 17:35:37 - Tracked log saved to: /home/student/Fair-RAG/logs/flanT5Small/lamp4/gold/alpha_8_2026-03-08_16-38-10.log (committed to git)
2026-03-08 17:35:37 - Experiment completed successfully at 2026-03-08 17:35:37
