2026-03-05 21:21:03 - ============================================================
2026-03-05 21:21:03 - Experiment Configuration
2026-03-05 21:21:03 - ============================================================
2026-03-05 21:21:03 - LaMP Number: 4
2026-03-05 21:21:03 - Generator: flanT5Small
2026-03-05 21:21:03 - Retriever: bm25
2026-03-05 21:21:03 - Alpha: 4
2026-03-05 21:21:03 - K (top-k): 5
2026-03-05 21:21:03 - N Samples: 8
2026-03-05 21:21:03 - Max Queries: 30
2026-03-05 21:21:03 - Query Batch Size: 10
2026-03-05 21:21:05 - Metric: rouge-l
2026-03-05 21:21:05 - ============================================================

2026-03-05 21:21:05 - Limiting to 30 queries (original dataset had 833 queries)
2026-03-05 21:23:06 - Progress: 10/30 queries completed
2026-03-05 21:25:08 - Progress: 20/30 queries completed
2026-03-05 21:27:22 - Progress: 30/30 queries completed
2026-03-05 21:27:32 - 
Experiment Results Summary
2026-03-05 21:27:32 - ============================================================
2026-03-05 21:27:32 - Total queries processed: 30
2026-03-05 21:27:32 - EE Difference - Mean: 0.705264, Std: 0.127341
2026-03-05 21:27:32 - Expected Utility - Mean: 0.021220, Std: 0.024721
2026-03-05 21:27:32 - ============================================================
2026-03-05 21:27:32 - Results saved to: /home/student/Fair-RAG/experiment_results/flanT5Small/lamp4/bm25/alpha_4.json
2026-03-05 21:27:32 - Tracked log saved to: /home/student/Fair-RAG/logs/flanT5Small/lamp4/bm25/alpha_4_2026-03-05_21-02-20.log (committed to git)
2026-03-05 21:27:32 - Experiment completed successfully at 2026-03-05 21:27:32
