2026-03-08 16:52:57 - ============================================================
2026-03-08 16:52:57 - Experiment Configuration
2026-03-08 16:52:57 - ============================================================
2026-03-08 16:52:57 - LaMP Number: 4
2026-03-08 16:52:57 - Generator: flanT5Small
2026-03-08 16:52:57 - Retriever: bm25
2026-03-08 16:52:57 - Alpha: 2
2026-03-08 16:52:57 - K (top-k): 5
2026-03-08 16:52:57 - N Samples: 8
2026-03-08 16:52:57 - Max Queries: 60
2026-03-08 16:52:57 - Query Batch Size: 10
2026-03-08 16:52:59 - Metric: rouge-l
2026-03-08 16:52:59 - ============================================================

2026-03-08 16:52:59 - Limiting to 60 queries (original dataset had 833 queries)
2026-03-08 16:55:14 - Progress: 10/60 queries completed
2026-03-08 16:57:37 - Progress: 20/60 queries completed
2026-03-08 16:59:40 - Progress: 30/60 queries completed
2026-03-08 17:01:43 - Progress: 40/60 queries completed
2026-03-08 17:03:47 - Progress: 50/60 queries completed
2026-03-08 17:05:38 - Progress: 60/60 queries completed
2026-03-08 17:05:53 - 
Experiment Results Summary
2026-03-08 17:05:53 - ============================================================
2026-03-08 17:05:53 - Total queries processed: 60
2026-03-08 17:05:53 - EE-D (Disparity) - Mean: 1.080208, Std: 0.523857
2026-03-08 17:05:53 - EE-R (Relevance) - Mean: 0.268441, Std: 0.440834
2026-03-08 17:05:53 - Expected Utility - Mean: 0.034226, Std: 0.039689
2026-03-08 17:05:53 - ============================================================
2026-03-08 17:05:53 - Results saved to: /home/student/Fair-RAG/experiment_results/flanT5Small/lamp4/bm25/alpha_2.json
2026-03-08 17:05:53 - Tracked log saved to: /home/student/Fair-RAG/logs/flanT5Small/lamp4/bm25/alpha_2_2026-03-08_16-38-10.log (committed to git)
2026-03-08 17:05:53 - Experiment completed successfully at 2026-03-08 17:05:53
