2026-03-08 15:57:18 - ============================================================
2026-03-08 15:57:18 - Experiment Configuration
2026-03-08 15:57:18 - ============================================================
2026-03-08 15:57:18 - LaMP Number: 4
2026-03-08 15:57:18 - Generator: flanT5Small
2026-03-08 15:57:18 - Retriever: bm25
2026-03-08 15:57:18 - Alpha: 2
2026-03-08 15:57:18 - K (top-k): 5
2026-03-08 15:57:18 - N Samples: 8
2026-03-08 15:57:18 - Max Queries: 30
2026-03-08 15:57:18 - Query Batch Size: 10
2026-03-08 15:57:20 - Metric: rouge-l
2026-03-08 15:57:20 - ============================================================

2026-03-08 15:57:20 - Limiting to 30 queries (original dataset had 833 queries)
2026-03-08 15:59:36 - Progress: 10/30 queries completed
2026-03-08 16:02:07 - Progress: 20/30 queries completed
2026-03-08 16:04:12 - Progress: 30/30 queries completed
2026-03-08 16:04:28 - 
Experiment Results Summary
2026-03-08 16:04:28 - ============================================================
2026-03-08 16:04:28 - Total queries processed: 30
2026-03-08 16:04:28 - EE-D (Disparity) - Mean: 0.227083, Std: 0.091988
2026-03-08 16:04:28 - EE-R (Relevance) - Mean: 0.160458, Std: 0.149004
2026-03-08 16:04:28 - Expected Utility - Mean: 0.022869, Std: 0.017727
2026-03-08 16:04:28 - ============================================================
2026-03-08 16:04:28 - Results saved to: /home/student/Fair-RAG/experiment_results/flanT5Small/lamp4/bm25/alpha_2.json
2026-03-08 16:04:28 - Tracked log saved to: /home/student/Fair-RAG/logs/flanT5Small/lamp4/bm25/alpha_2_2026-03-08_15-49-29.log (committed to git)
2026-03-08 16:04:28 - Experiment completed successfully at 2026-03-08 16:04:28
