2026-03-08 17:18:32 - ============================================================
2026-03-08 17:18:32 - Experiment Configuration
2026-03-08 17:18:32 - ============================================================
2026-03-08 17:18:32 - LaMP Number: 4
2026-03-08 17:18:32 - Generator: flanT5Small
2026-03-08 17:18:32 - Retriever: bm25
2026-03-08 17:18:32 - Alpha: 8
2026-03-08 17:18:32 - K (top-k): 5
2026-03-08 17:18:32 - N Samples: 8
2026-03-08 17:18:32 - Max Queries: 60
2026-03-08 17:18:32 - Query Batch Size: 10
2026-03-08 17:18:34 - Metric: rouge-l
2026-03-08 17:18:34 - ============================================================

2026-03-08 17:18:34 - Limiting to 60 queries (original dataset had 833 queries)
2026-03-08 17:19:06 - Progress: 10/60 queries completed
2026-03-08 17:19:48 - Progress: 20/60 queries completed
2026-03-08 17:20:31 - Progress: 30/60 queries completed
2026-03-08 17:21:03 - Progress: 40/60 queries completed
2026-03-08 17:21:39 - Progress: 50/60 queries completed
2026-03-08 17:22:08 - Progress: 60/60 queries completed
2026-03-08 17:22:11 - 
Experiment Results Summary
2026-03-08 17:22:11 - ============================================================
2026-03-08 17:22:11 - Total queries processed: 60
2026-03-08 17:22:11 - EE-D (Disparity) - Mean: 4.822917, Std: 0.276503
2026-03-08 17:22:11 - EE-R (Relevance) - Mean: 0.260953, Std: 0.440828
2026-03-08 17:22:11 - Expected Utility - Mean: 0.039917, Std: 0.054137
2026-03-08 17:22:11 - ============================================================
2026-03-08 17:22:11 - Results saved to: /home/student/Fair-RAG/experiment_results/flanT5Small/lamp4/bm25/alpha_8.json
2026-03-08 17:22:11 - Tracked log saved to: /home/student/Fair-RAG/logs/flanT5Small/lamp4/bm25/alpha_8_2026-03-08_16-38-10.log (committed to git)
2026-03-08 17:22:11 - Experiment completed successfully at 2026-03-08 17:22:11
