2026-03-05 21:07:23 - ============================================================
2026-03-05 21:07:23 - Experiment Configuration
2026-03-05 21:07:23 - ============================================================
2026-03-05 21:07:23 - LaMP Number: 4
2026-03-05 21:07:23 - Generator: flanT5Small
2026-03-05 21:07:23 - Retriever: bm25
2026-03-05 21:07:23 - Alpha: 1
2026-03-05 21:07:23 - K (top-k): 5
2026-03-05 21:07:23 - N Samples: 8
2026-03-05 21:07:23 - Max Queries: 30
2026-03-05 21:07:23 - Query Batch Size: 10
2026-03-05 21:07:25 - Metric: rouge-l
2026-03-05 21:07:25 - ============================================================

2026-03-05 21:07:25 - Limiting to 30 queries (original dataset had 833 queries)
2026-03-05 21:09:35 - Progress: 10/30 queries completed
2026-03-05 21:11:54 - Progress: 20/30 queries completed
2026-03-05 21:13:57 - Progress: 30/30 queries completed
2026-03-05 21:14:10 - 
Experiment Results Summary
2026-03-05 21:14:10 - ============================================================
2026-03-05 21:14:10 - Total queries processed: 30
2026-03-05 21:14:10 - EE Difference - Mean: 0.324637, Std: 0.113024
2026-03-05 21:14:10 - Expected Utility - Mean: 0.021751, Std: 0.021213
2026-03-05 21:14:10 - ============================================================
2026-03-05 21:14:10 - Results saved to: /home/student/Fair-RAG/experiment_results/flanT5Small/lamp4/bm25/alpha_1.json
2026-03-05 21:14:10 - Tracked log saved to: /home/student/Fair-RAG/logs/flanT5Small/lamp4/bm25/alpha_1_2026-03-05_21-02-20.log (committed to git)
2026-03-05 21:14:10 - Experiment completed successfully at 2026-03-05 21:14:10
