2026-03-08 18:18:13 - ============================================================
2026-03-08 18:18:13 - Experiment Configuration
2026-03-08 18:18:13 - ============================================================
2026-03-08 18:18:13 - LaMP Number: 4
2026-03-08 18:18:13 - Generator: flanT5Small
2026-03-08 18:18:13 - Retriever: bm25
2026-03-08 18:18:13 - Alpha: 2
2026-03-08 18:18:13 - K (top-k): 5
2026-03-08 18:18:13 - N Samples: 8
2026-03-08 18:18:13 - Max Queries: 60
2026-03-08 18:18:13 - Query Batch Size: 10
2026-03-08 18:18:15 - Metric: rouge-l
2026-03-08 18:18:15 - ============================================================

2026-03-08 18:18:15 - Limiting to 60 queries (original dataset had 833 queries)
2026-03-08 18:20:28 - Progress: 10/60 queries completed
2026-03-08 18:22:51 - Progress: 20/60 queries completed
2026-03-08 18:24:54 - Progress: 30/60 queries completed
2026-03-08 18:26:54 - Progress: 40/60 queries completed
2026-03-08 18:28:54 - Progress: 50/60 queries completed
2026-03-08 18:30:39 - Progress: 60/60 queries completed
2026-03-08 18:30:54 - 
Experiment Results Summary
2026-03-08 18:30:54 - ============================================================
2026-03-08 18:30:54 - Total queries processed: 60
2026-03-08 18:30:54 - EE-D (Disparity) - Mean: 0.216042, Std: 0.104771
2026-03-08 18:30:54 - EE-R (Relevance) - Mean: 0.227400, Std: 0.196268
2026-03-08 18:30:54 - Expected Utility - Mean: 0.034226, Std: 0.039689
2026-03-08 18:30:54 - ============================================================
2026-03-08 18:30:54 - Results saved to: /home/student/Fair-RAG/experiment_results/flanT5Small/lamp4/bm25/alpha_2.json
2026-03-08 18:30:54 - Tracked log saved to: /home/student/Fair-RAG/logs/flanT5Small/lamp4/bm25/alpha_2_2026-03-08_18-04-10.log (committed to git)
2026-03-08 18:30:54 - Experiment completed successfully at 2026-03-08 18:30:54
