2026-03-05 21:27:36 - ============================================================
2026-03-05 21:27:36 - Experiment Configuration
2026-03-05 21:27:36 - ============================================================
2026-03-05 21:27:36 - LaMP Number: 4
2026-03-05 21:27:36 - Generator: flanT5Small
2026-03-05 21:27:36 - Retriever: bm25
2026-03-05 21:27:36 - Alpha: 8
2026-03-05 21:27:36 - K (top-k): 5
2026-03-05 21:27:36 - N Samples: 8
2026-03-05 21:27:36 - Max Queries: 30
2026-03-05 21:27:36 - Query Batch Size: 10
2026-03-05 21:27:38 - Metric: rouge-l
2026-03-05 21:27:38 - ============================================================

2026-03-05 21:27:38 - Limiting to 30 queries (original dataset had 833 queries)
2026-03-05 21:28:06 - Progress: 10/30 queries completed
2026-03-05 21:28:44 - Progress: 20/30 queries completed
2026-03-05 21:29:23 - Progress: 30/30 queries completed
2026-03-05 21:29:25 - 
Experiment Results Summary
2026-03-05 21:29:25 - ============================================================
2026-03-05 21:29:25 - Total queries processed: 30
2026-03-05 21:29:25 - EE Difference - Mean: 0.902043, Std: 0.089829
2026-03-05 21:29:25 - Expected Utility - Mean: 0.023141, Std: 0.032540
2026-03-05 21:29:25 - ============================================================
2026-03-05 21:29:25 - Results saved to: /home/student/Fair-RAG/experiment_results/flanT5Small/lamp4/bm25/alpha_8.json
2026-03-05 21:29:25 - Tracked log saved to: /home/student/Fair-RAG/logs/flanT5Small/lamp4/bm25/alpha_8_2026-03-05_21-02-20.log (committed to git)
2026-03-05 21:29:25 - Experiment completed successfully at 2026-03-05 21:29:25
