2026-03-08 16:11:18 - ============================================================
2026-03-08 16:11:18 - Experiment Configuration
2026-03-08 16:11:18 - ============================================================
2026-03-08 16:11:18 - LaMP Number: 4
2026-03-08 16:11:18 - Generator: flanT5Small
2026-03-08 16:11:18 - Retriever: bm25
2026-03-08 16:11:18 - Alpha: 8
2026-03-08 16:11:18 - K (top-k): 5
2026-03-08 16:11:18 - N Samples: 8
2026-03-08 16:11:18 - Max Queries: 30
2026-03-08 16:11:18 - Query Batch Size: 10
2026-03-08 16:11:21 - Metric: rouge-l
2026-03-08 16:11:21 - ============================================================

2026-03-08 16:11:21 - Limiting to 30 queries (original dataset had 833 queries)
2026-03-08 16:11:52 - Progress: 10/30 queries completed
2026-03-08 16:12:34 - Progress: 20/30 queries completed
2026-03-08 16:13:18 - Progress: 30/30 queries completed
2026-03-08 16:13:20 - 
Experiment Results Summary
2026-03-08 16:13:20 - ============================================================
2026-03-08 16:13:20 - Total queries processed: 30
2026-03-08 16:13:20 - EE-D (Disparity) - Mean: 0.958958, Std: 0.064966
2026-03-08 16:13:20 - EE-R (Relevance) - Mean: 0.180195, Std: 0.224554
2026-03-08 16:13:20 - Expected Utility - Mean: 0.023141, Std: 0.032540
2026-03-08 16:13:20 - ============================================================
2026-03-08 16:13:20 - Results saved to: /home/student/Fair-RAG/experiment_results/flanT5Small/lamp4/bm25/alpha_8.json
2026-03-08 16:13:20 - Tracked log saved to: /home/student/Fair-RAG/logs/flanT5Small/lamp4/bm25/alpha_8_2026-03-08_15-49-29.log (committed to git)
2026-03-08 16:13:20 - Experiment completed successfully at 2026-03-08 16:13:20
