2026-03-08 16:04:33 - ============================================================
2026-03-08 16:04:33 - Experiment Configuration
2026-03-08 16:04:33 - ============================================================
2026-03-08 16:04:33 - LaMP Number: 4
2026-03-08 16:04:33 - Generator: flanT5Small
2026-03-08 16:04:33 - Retriever: bm25
2026-03-08 16:04:33 - Alpha: 4
2026-03-08 16:04:33 - K (top-k): 5
2026-03-08 16:04:33 - N Samples: 8
2026-03-08 16:04:33 - Max Queries: 30
2026-03-08 16:04:33 - Query Batch Size: 10
2026-03-08 16:04:36 - Metric: rouge-l
2026-03-08 16:04:36 - ============================================================

2026-03-08 16:04:36 - Limiting to 30 queries (original dataset had 833 queries)
2026-03-08 16:06:49 - Progress: 10/30 queries completed
2026-03-08 16:09:03 - Progress: 20/30 queries completed
2026-03-08 16:11:04 - Progress: 30/30 queries completed
2026-03-08 16:11:14 - 
Experiment Results Summary
2026-03-08 16:11:14 - ============================================================
2026-03-08 16:11:14 - Total queries processed: 30
2026-03-08 16:11:14 - EE-D (Disparity) - Mean: 0.695208, Std: 0.142482
2026-03-08 16:11:14 - EE-R (Relevance) - Mean: 0.172068, Std: 0.185986
2026-03-08 16:11:14 - Expected Utility - Mean: 0.021220, Std: 0.024721
2026-03-08 16:11:14 - ============================================================
2026-03-08 16:11:14 - Results saved to: /home/student/Fair-RAG/experiment_results/flanT5Small/lamp4/bm25/alpha_4.json
2026-03-08 16:11:14 - Tracked log saved to: /home/student/Fair-RAG/logs/flanT5Small/lamp4/bm25/alpha_4_2026-03-08_15-49-29.log (committed to git)
2026-03-08 16:11:14 - Experiment completed successfully at 2026-03-08 16:11:14
