2026-03-05 21:14:15 - ============================================================
2026-03-05 21:14:15 - Experiment Configuration
2026-03-05 21:14:15 - ============================================================
2026-03-05 21:14:15 - LaMP Number: 4
2026-03-05 21:14:15 - Generator: flanT5Small
2026-03-05 21:14:15 - Retriever: bm25
2026-03-05 21:14:15 - Alpha: 2
2026-03-05 21:14:15 - K (top-k): 5
2026-03-05 21:14:15 - N Samples: 8
2026-03-05 21:14:15 - Max Queries: 30
2026-03-05 21:14:15 - Query Batch Size: 10
2026-03-05 21:14:17 - Metric: rouge-l
2026-03-05 21:14:17 - ============================================================

2026-03-05 21:14:17 - Limiting to 30 queries (original dataset had 833 queries)
2026-03-05 21:16:25 - Progress: 10/30 queries completed
2026-03-05 21:18:45 - Progress: 20/30 queries completed
2026-03-05 21:20:44 - Progress: 30/30 queries completed
2026-03-05 21:20:59 - 
Experiment Results Summary
2026-03-05 21:20:59 - ============================================================
2026-03-05 21:20:59 - Total queries processed: 30
2026-03-05 21:20:59 - EE Difference - Mean: 0.358599, Std: 0.105325
2026-03-05 21:20:59 - Expected Utility - Mean: 0.022869, Std: 0.017727
2026-03-05 21:20:59 - ============================================================
2026-03-05 21:20:59 - Results saved to: /home/student/Fair-RAG/experiment_results/flanT5Small/lamp4/bm25/alpha_2.json
2026-03-05 21:20:59 - Tracked log saved to: /home/student/Fair-RAG/logs/flanT5Small/lamp4/bm25/alpha_2_2026-03-05_21-02-20.log (committed to git)
2026-03-05 21:20:59 - Experiment completed successfully at 2026-03-05 21:20:59
