2026-03-08 18:30:58 - ============================================================
2026-03-08 18:30:58 - Experiment Configuration
2026-03-08 18:30:58 - ============================================================
2026-03-08 18:30:58 - LaMP Number: 4
2026-03-08 18:30:58 - Generator: flanT5Small
2026-03-08 18:30:58 - Retriever: bm25
2026-03-08 18:30:58 - Alpha: 4
2026-03-08 18:30:58 - K (top-k): 5
2026-03-08 18:30:58 - N Samples: 8
2026-03-08 18:30:58 - Max Queries: 60
2026-03-08 18:30:58 - Query Batch Size: 10
2026-03-08 18:31:01 - Metric: rouge-l
2026-03-08 18:31:01 - ============================================================

2026-03-08 18:31:01 - Limiting to 60 queries (original dataset had 833 queries)
2026-03-08 18:33:08 - Progress: 10/60 queries completed
2026-03-08 18:35:20 - Progress: 20/60 queries completed
2026-03-08 18:37:25 - Progress: 30/60 queries completed
2026-03-08 18:39:27 - Progress: 40/60 queries completed
2026-03-08 18:41:25 - Progress: 50/60 queries completed
2026-03-08 18:43:17 - Progress: 60/60 queries completed
2026-03-08 18:43:34 - 
Experiment Results Summary
2026-03-08 18:43:34 - ============================================================
2026-03-08 18:43:34 - Total queries processed: 60
2026-03-08 18:43:34 - EE-D (Disparity) - Mean: 0.719896, Std: 0.138272
2026-03-08 18:43:34 - EE-R (Relevance) - Mean: 0.242284, Std: 0.230063
2026-03-08 18:43:34 - Expected Utility - Mean: 0.038313, Std: 0.048231
2026-03-08 18:43:34 - ============================================================
2026-03-08 18:43:34 - Results saved to: /home/student/Fair-RAG/experiment_results/flanT5Small/lamp4/bm25/alpha_4.json
2026-03-08 18:43:34 - Tracked log saved to: /home/student/Fair-RAG/logs/flanT5Small/lamp4/bm25/alpha_4_2026-03-08_18-04-10.log (committed to git)
2026-03-08 18:43:34 - Experiment completed successfully at 2026-03-08 18:43:34
