2026-03-08 15:01:07 - ============================================================
2026-03-08 15:01:07 - Experiment Configuration
2026-03-08 15:01:07 - ============================================================
2026-03-08 15:01:07 - LaMP Number: 4
2026-03-08 15:01:07 - Generator: flanT5Small
2026-03-08 15:01:07 - Retriever: bm25
2026-03-08 15:01:07 - Alpha: 1
2026-03-08 15:01:07 - K (top-k): 5
2026-03-08 15:01:07 - N Samples: 8
2026-03-08 15:01:07 - Max Queries: 30
2026-03-08 15:01:07 - Query Batch Size: 10
2026-03-08 15:01:19 - Metric: rouge-l
2026-03-08 15:01:19 - ============================================================

2026-03-08 15:01:19 - Limiting to 30 queries (original dataset had 833 queries)
2026-03-08 15:03:39 - Progress: 10/30 queries completed
2026-03-08 15:06:05 - Progress: 20/30 queries completed
2026-03-08 15:08:13 - Progress: 30/30 queries completed
2026-03-08 15:08:27 - 
Experiment Results Summary
2026-03-08 15:08:27 - ============================================================
2026-03-08 15:08:27 - Total queries processed: 30
2026-03-08 15:08:27 - EE Difference - Mean: 0.324637, Std: 0.113024
2026-03-08 15:08:27 - Expected Utility - Mean: 0.021751, Std: 0.021213
2026-03-08 15:08:27 - ============================================================
2026-03-08 15:08:27 - Results saved to: /home/student/Fair-RAG/experiment_results/flanT5Small/lamp4/bm25/alpha_1.json
2026-03-08 15:08:27 - Tracked log saved to: /home/student/Fair-RAG/logs/flanT5Small/lamp4/bm25/alpha_1_2026-03-08_14-59-48.log (committed to git)
2026-03-08 15:08:27 - Experiment completed successfully at 2026-03-08 15:08:27
