2026-03-08 18:43:38 - ============================================================
2026-03-08 18:43:38 - Experiment Configuration
2026-03-08 18:43:38 - ============================================================
2026-03-08 18:43:38 - LaMP Number: 4
2026-03-08 18:43:38 - Generator: flanT5Small
2026-03-08 18:43:38 - Retriever: bm25
2026-03-08 18:43:38 - Alpha: 8
2026-03-08 18:43:38 - K (top-k): 5
2026-03-08 18:43:38 - N Samples: 8
2026-03-08 18:43:38 - Max Queries: 60
2026-03-08 18:43:38 - Query Batch Size: 10
2026-03-08 18:43:41 - Metric: rouge-l
2026-03-08 18:43:41 - ============================================================

2026-03-08 18:43:41 - Limiting to 60 queries (original dataset had 833 queries)
2026-03-08 18:44:11 - Progress: 10/60 queries completed
2026-03-08 18:44:51 - Progress: 20/60 queries completed
2026-03-08 18:45:32 - Progress: 30/60 queries completed
2026-03-08 18:46:02 - Progress: 40/60 queries completed
2026-03-08 18:46:36 - Progress: 50/60 queries completed
2026-03-08 18:47:04 - Progress: 60/60 queries completed
2026-03-08 18:47:06 - 
Experiment Results Summary
2026-03-08 18:47:06 - ============================================================
2026-03-08 18:47:06 - Total queries processed: 60
2026-03-08 18:47:06 - EE-D (Disparity) - Mean: 0.964583, Std: 0.055301
2026-03-08 18:47:06 - EE-R (Relevance) - Mean: 0.241348, Std: 0.251207
2026-03-08 18:47:06 - Expected Utility - Mean: 0.039917, Std: 0.054137
2026-03-08 18:47:06 - ============================================================
2026-03-08 18:47:06 - Results saved to: /home/student/Fair-RAG/experiment_results/flanT5Small/lamp4/bm25/alpha_8.json
2026-03-08 18:47:06 - Tracked log saved to: /home/student/Fair-RAG/logs/flanT5Small/lamp4/bm25/alpha_8_2026-03-08_18-04-10.log (committed to git)
2026-03-08 18:47:06 - Experiment completed successfully at 2026-03-08 18:47:06
