2026-03-08 16:38:43 - ============================================================
2026-03-08 16:38:43 - Experiment Configuration
2026-03-08 16:38:43 - ============================================================
2026-03-08 16:38:43 - LaMP Number: 4
2026-03-08 16:38:43 - Generator: flanT5Small
2026-03-08 16:38:43 - Retriever: bm25
2026-03-08 16:38:43 - Alpha: 1
2026-03-08 16:38:43 - K (top-k): 5
2026-03-08 16:38:43 - N Samples: 8
2026-03-08 16:38:43 - Max Queries: 60
2026-03-08 16:38:43 - Query Batch Size: 10
2026-03-08 16:38:46 - Metric: rouge-l
2026-03-08 16:38:46 - ============================================================

2026-03-08 16:38:46 - Limiting to 60 queries (original dataset had 833 queries)
2026-03-08 16:41:06 - Progress: 10/60 queries completed
2026-03-08 16:43:38 - Progress: 20/60 queries completed
2026-03-08 16:45:52 - Progress: 30/60 queries completed
2026-03-08 16:48:15 - Progress: 40/60 queries completed
2026-03-08 16:50:37 - Progress: 50/60 queries completed
2026-03-08 16:52:36 - Progress: 60/60 queries completed
2026-03-08 16:52:52 - 
Experiment Results Summary
2026-03-08 16:52:52 - ============================================================
2026-03-08 16:52:52 - Total queries processed: 60
2026-03-08 16:52:52 - EE-D (Disparity) - Mean: 0.906250, Std: 0.424893
2026-03-08 16:52:52 - EE-R (Relevance) - Mean: 0.277794, Std: 0.468530
2026-03-08 16:52:52 - Expected Utility - Mean: 0.032964, Std: 0.042655
2026-03-08 16:52:52 - ============================================================
2026-03-08 16:52:52 - Results saved to: /home/student/Fair-RAG/experiment_results/flanT5Small/lamp4/bm25/alpha_1.json
2026-03-08 16:52:52 - Tracked log saved to: /home/student/Fair-RAG/logs/flanT5Small/lamp4/bm25/alpha_1_2026-03-08_16-38-10.log (committed to git)
2026-03-08 16:52:52 - Experiment completed successfully at 2026-03-08 16:52:52
